# JRE version: 7.0_17-b02
# Java VM: Java HotSpot(TM) 64-Bit Server VM (23.7-b01 mixed mode bsd-amd64 compressed oops)
Heap
 def new generation   total 6464K, used 1469K [0x000000010af10000, 0x000000010b610000, 0x0000000111f10000)
  eden space 5760K,  13% used [0x000000010af10000, 0x000000010afcf7a8, 0x000000010b4b0000)
  from space 704K, 100% used [0x000000010b560000, 0x000000010b610000, 0x000000010b610000)
  to   space 704K,   0% used [0x000000010b4b0000, 0x000000010b4b0000, 0x000000010b560000)
 tenured generation   total 14336K, used 8754K [0x0000000111f10000, 0x0000000112d10000, 0x000000011ff10000)
   the space 14336K,  61% used [0x0000000111f10000, 0x000000011279c860, 0x000000011279ca00, 0x0000000112d10000)
 compacting perm gen  total 21248K, used 11670K [0x000000011ff10000, 0x00000001213d0000, 0x0000000127f10000)
   the space 21248K,  54% used [0x000000011ff10000, 0x0000000120a759e8, 0x0000000120a75a00, 0x00000001213d0000)
GC Heap History (10 events):
Event: 1.695 GC heap before
{Heap before GC invocations=4 (full 0):
 def new generation   total 6464K, used 6464K [0x000000010af10000, 0x000000010b610000, 0x0000000111f10000)
  eden space 5760K, 100% used [0x000000010af10000, 0x000000010b4b0000, 0x000000010b4b0000)
  from space 704K, 100% used [0x000000010b4b0000, 0x000000010b560000, 0x000000010b560000)
  to   space 704K,   0% used [0x000000010b560000, 0x000000010b560000, 0x000000010b610000)
 tenured generation   total 14336K, used 4323K [0x0000000111f10000, 0x0000000112d10000, 0x000000011ff10000)
   the space 14336K,  30% used [0x0000000111f10000, 0x0000000112348d40, 0x0000000112348e00, 0x0000000112d10000)
 compacting perm gen  total 21248K, used 8748K [0x000000011ff10000, 0x00000001213d0000, 0x0000000127f10000)
   the space 21248K,  41% used [0x000000011ff10000, 0x000000012079b0c0, 0x000000012079b200, 0x00000001213d0000)
No shared spaces configured.
Event: 1.705 GC heap after
Heap after GC invocations=5 (full 0):
 def new generation   total 6464K, used 704K [0x000000010af10000, 0x000000010b610000, 0x0000000111f10000)
  eden space 5760K,   0% used [0x000000010af10000, 0x000000010af10000, 0x000000010b4b0000)
  from space 704K, 100% used [0x000000010b560000, 0x000000010b610000, 0x000000010b610000)
  to   space 704K,   0% used [0x000000010b4b0000, 0x000000010b4b0000, 0x000000010b560000)
 tenured generation   total 14336K, used 5801K [0x0000000111f10000, 0x0000000112d10000, 0x000000011ff10000)
   the space 14336K,  40% used [0x0000000111f10000, 0x00000001124ba6b0, 0x00000001124ba800, 0x0000000112d10000)
 compacting perm gen  total 21248K, used 8748K [0x000000011ff10000, 0x00000001213d0000, 0x0000000127f10000)
   the space 21248K,  41% used [0x000000011ff10000, 0x000000012079b0c0, 0x000000012079b200, 0x00000001213d0000)
No shared spaces configured.
}
Event: 1.928 GC heap before
{Heap before GC invocations=5 (full 0):
 def new generation   total 6464K, used 6464K [0x000000010af10000, 0x000000010b610000, 0x0000000111f10000)
  eden space 5760K, 100% used [0x000000010af10000, 0x000000010b4b0000, 0x000000010b4b0000)
  from space 704K, 100% used [0x000000010b560000, 0x000000010b610000, 0x000000010b610000)
  to   space 704K,   0% used [0x000000010b4b0000, 0x000000010b4b0000, 0x000000010b560000)
 tenured generation   total 14336K, used 5801K [0x0000000111f10000, 0x0000000112d10000, 0x000000011ff10000)
   the space 14336K,  40% used [0x0000000111f10000, 0x00000001124ba6b0, 0x00000001124ba800, 0x0000000112d10000)
 compacting perm gen  total 21248K, used 8759K [0x000000011ff10000, 0x00000001213d0000, 0x0000000127f10000)
   the space 21248K,  41% used [0x000000011ff10000, 0x000000012079dc88, 0x000000012079de00, 0x00000001213d0000)
No shared spaces configured.
Event: 1.932 GC heap after
Heap after GC invocations=6 (full 0):
 def new generation   total 6464K, used 704K [0x000000010af10000, 0x000000010b610000, 0x0000000111f10000)
  eden space 5760K,   0% used [0x000000010af10000, 0x000000010af10000, 0x000000010b4b0000)
  from space 704K, 100% used [0x000000010b4b0000, 0x000000010b560000, 0x000000010b560000)
  to   space 704K,   0% used [0x000000010b560000, 0x000000010b560000, 0x000000010b610000)
 tenured generation   total 14336K, used 7089K [0x0000000111f10000, 0x0000000112d10000, 0x000000011ff10000)
   the space 14336K,  49% used [0x0000000111f10000, 0x00000001125fc5b0, 0x00000001125fc600, 0x0000000112d10000)
 compacting perm gen  total 21248K, used 8759K [0x000000011ff10000, 0x00000001213d0000, 0x0000000127f10000)
   the space 21248K,  41% used [0x000000011ff10000, 0x000000012079dc88, 0x000000012079de00, 0x00000001213d0000)
No shared spaces configured.
}
Event: 2.199 GC heap before
{Heap before GC invocations=6 (full 0):
 def new generation   total 6464K, used 6464K [0x000000010af10000, 0x000000010b610000, 0x0000000111f10000)
  eden space 5760K, 100% used [0x000000010af10000, 0x000000010b4b0000, 0x000000010b4b0000)
  from space 704K, 100% used [0x000000010b4b0000, 0x000000010b560000, 0x000000010b560000)
  to   space 704K,   0% used [0x000000010b560000, 0x000000010b560000, 0x000000010b610000)
 tenured generation   total 14336K, used 7089K [0x0000000111f10000, 0x0000000112d10000, 0x000000011ff10000)
   the space 14336K,  49% used [0x0000000111f10000, 0x00000001125fc5b0, 0x00000001125fc600, 0x0000000112d10000)
 compacting perm gen  total 21248K, used 9690K [0x000000011ff10000, 0x00000001213d0000, 0x0000000127f10000)
   the space 21248K,  45% used [0x000000011ff10000, 0x0000000120886a00, 0x0000000120886a00, 0x00000001213d0000)
No shared spaces configured.
Event: 2.208 GC heap after
Heap after GC invocations=7 (full 0):
 def new generation   total 6464K, used 704K [0x000000010af10000, 0x000000010b610000, 0x0000000111f10000)
  eden space 5760K,   0% used [0x000000010af10000, 0x000000010af10000, 0x000000010b4b0000)
  from space 704K, 100% used [0x000000010b560000, 0x000000010b610000, 0x000000010b610000)
  to   space 704K,   0% used [0x000000010b4b0000, 0x000000010b4b0000, 0x000000010b560000)
 tenured generation   total 14336K, used 8163K [0x0000000111f10000, 0x0000000112d10000, 0x000000011ff10000)
   the space 14336K,  56% used [0x0000000111f10000, 0x0000000112708da8, 0x0000000112708e00, 0x0000000112d10000)
 compacting perm gen  total 21248K, used 9690K [0x000000011ff10000, 0x00000001213d0000, 0x0000000127f10000)
   the space 21248K,  45% used [0x000000011ff10000, 0x0000000120886a00, 0x0000000120886a00, 0x00000001213d0000)
No shared spaces configured.
}
Event: 2.721 GC heap before
{Heap before GC invocations=7 (full 0):
 def new generation   total 6464K, used 6464K [0x000000010af10000, 0x000000010b610000, 0x0000000111f10000)
  eden space 5760K, 100% used [0x000000010af10000, 0x000000010b4b0000, 0x000000010b4b0000)
  from space 704K, 100% used [0x000000010b560000, 0x000000010b610000, 0x000000010b610000)
  to   space 704K,   0% used [0x000000010b4b0000, 0x000000010b4b0000, 0x000000010b560000)
 tenured generation   total 14336K, used 8163K [0x0000000111f10000, 0x0000000112d10000, 0x000000011ff10000)
   the space 14336K,  56% used [0x0000000111f10000, 0x0000000112708da8, 0x0000000112708e00, 0x0000000112d10000)
 compacting perm gen  total 21248K, used 9959K [0x000000011ff10000, 0x00000001213d0000, 0x0000000127f10000)
   the space 21248K,  46% used [0x000000011ff10000, 0x00000001208c9f60, 0x00000001208ca000, 0x00000001213d0000)
No shared spaces configured.
Event: 2.725 GC heap after
Heap after GC invocations=8 (full 0):
 def new generation   total 6464K, used 299K [0x000000010af10000, 0x000000010b610000, 0x0000000111f10000)
  eden space 5760K,   0% used [0x000000010af10000, 0x000000010af10000, 0x000000010b4b0000)
  from space 704K,  42% used [0x000000010b4b0000, 0x000000010b4faca0, 0x000000010b560000)
  to   space 704K,   0% used [0x000000010b560000, 0x000000010b560000, 0x000000010b610000)
 tenured generation   total 14336K, used 8527K [0x0000000111f10000, 0x0000000112d10000, 0x000000011ff10000)
   the space 14336K,  59% used [0x0000000111f10000, 0x0000000112763c98, 0x0000000112763e00, 0x0000000112d10000)
 compacting perm gen  total 21248K, used 9959K [0x000000011ff10000, 0x00000001213d0000, 0x0000000127f10000)
   the space 21248K,  46% used [0x000000011ff10000, 0x00000001208c9f60, 0x00000001208ca000, 0x00000001213d0000)
No shared spaces configured.
}
Event: 11.371 GC heap before
{Heap before GC invocations=8 (full 0):
 def new generation   total 6464K, used 6059K [0x000000010af10000, 0x000000010b610000, 0x0000000111f10000)
  eden space 5760K, 100% used [0x000000010af10000, 0x000000010b4b0000, 0x000000010b4b0000)
  from space 704K,  42% used [0x000000010b4b0000, 0x000000010b4faca0, 0x000000010b560000)
  to   space 704K,   0% used [0x000000010b560000, 0x000000010b560000, 0x000000010b610000)
 tenured generation   total 14336K, used 8527K [0x0000000111f10000, 0x0000000112d10000, 0x000000011ff10000)
   the space 14336K,  59% used [0x0000000111f10000, 0x0000000112763c98, 0x0000000112763e00, 0x0000000112d10000)
 compacting perm gen  total 21248K, used 11618K [0x000000011ff10000, 0x00000001213d0000, 0x0000000127f10000)
   the space 21248K,  54% used [0x000000011ff10000, 0x0000000120a68ab8, 0x0000000120a68c00, 0x00000001213d0000)
No shared spaces configured.
Event: 11.379 GC heap after
Heap after GC invocations=9 (full 0):
 def new generation   total 6464K, used 704K [0x000000010af10000, 0x000000010b610000, 0x0000000111f10000)
  eden space 5760K,   0% used [0x000000010af10000, 0x000000010af10000, 0x000000010b4b0000)
  from space 704K, 100% used [0x000000010b560000, 0x000000010b610000, 0x000000010b610000)
  to   space 704K,   0% used [0x000000010b4b0000, 0x000000010b4b0000, 0x000000010b560000)
 tenured generation   total 14336K, used 8754K [0x0000000111f10000, 0x0000000112d10000, 0x000000011ff10000)
   the space 14336K,  61% used [0x0000000111f10000, 0x000000011279c860, 0x000000011279ca00, 0x0000000112d10000)
 compacting perm gen  total 21248K, used 11618K [0x000000011ff10000, 0x00000001213d0000, 0x0000000127f10000)
   the space 21248K,  54% used [0x000000011ff10000, 0x0000000120a68ab8, 0x0000000120a68c00, 0x00000001213d0000)
No shared spaces configured.
}

