# JRE version: 7.0_17-b02
# Java VM: Java HotSpot(TM) 64-Bit Server VM (23.7-b01 mixed mode bsd-amd64 compressed oops)
Heap
 def new generation   total 6528K, used 6047K [0x00000007e2c00000, 0x00000007e3310000, 0x00000007e9d50000)
  eden space 5824K,  99% used [0x00000007e2c00000, 0x00000007e31a23e8, 0x00000007e31b0000)
  from space 704K,  39% used [0x00000007e31b0000, 0x00000007e31f5838, 0x00000007e3260000)
  to   space 704K,   0% used [0x00000007e3260000, 0x00000007e3260000, 0x00000007e3310000)
 tenured generation   total 14528K, used 8551K [0x00000007e9d50000, 0x00000007eab80000, 0x00000007f8000000)
   the space 14528K,  58% used [0x00000007e9d50000, 0x00000007ea5a9d48, 0x00000007ea5a9e00, 0x00000007eab80000)
 compacting perm gen  total 21248K, used 11665K [0x00000007f8000000, 0x00000007f94c0000, 0x0000000800000000)
   the space 21248K,  54% used [0x00000007f8000000, 0x00000007f8b645d0, 0x00000007f8b64600, 0x00000007f94c0000)
GC Heap History (10 events):
Event: 2.024 GC heap before
{Heap before GC invocations=3 (full 0):
 def new generation   total 6528K, used 6527K [0x00000007e2c00000, 0x00000007e3310000, 0x00000007e9d50000)
  eden space 5824K, 100% used [0x00000007e2c00000, 0x00000007e31b0000, 0x00000007e31b0000)
  from space 704K,  99% used [0x00000007e3260000, 0x00000007e330fff8, 0x00000007e3310000)
  to   space 704K,   0% used [0x00000007e31b0000, 0x00000007e31b0000, 0x00000007e3260000)
 tenured generation   total 14528K, used 3055K [0x00000007e9d50000, 0x00000007eab80000, 0x00000007f8000000)
   the space 14528K,  21% used [0x00000007e9d50000, 0x00000007ea04bfc8, 0x00000007ea04c000, 0x00000007eab80000)
 compacting perm gen  total 21248K, used 8742K [0x00000007f8000000, 0x00000007f94c0000, 0x0000000800000000)
   the space 21248K,  41% used [0x00000007f8000000, 0x00000007f88899f8, 0x00000007f8889a00, 0x00000007f94c0000)
No shared spaces configured.
Event: 2.031 GC heap after
Heap after GC invocations=4 (full 0):
 def new generation   total 6528K, used 703K [0x00000007e2c00000, 0x00000007e3310000, 0x00000007e9d50000)
  eden space 5824K,   0% used [0x00000007e2c00000, 0x00000007e2c00000, 0x00000007e31b0000)
  from space 704K,  99% used [0x00000007e31b0000, 0x00000007e325fff8, 0x00000007e3260000)
  to   space 704K,   0% used [0x00000007e3260000, 0x00000007e3260000, 0x00000007e3310000)
 tenured generation   total 14528K, used 4395K [0x00000007e9d50000, 0x00000007eab80000, 0x00000007f8000000)
   the space 14528K,  30% used [0x00000007e9d50000, 0x00000007ea19ae90, 0x00000007ea19b000, 0x00000007eab80000)
 compacting perm gen  total 21248K, used 8742K [0x00000007f8000000, 0x00000007f94c0000, 0x0000000800000000)
   the space 21248K,  41% used [0x00000007f8000000, 0x00000007f88899f8, 0x00000007f8889a00, 0x00000007f94c0000)
No shared spaces configured.
}
Event: 2.222 GC heap before
{Heap before GC invocations=4 (full 0):
 def new generation   total 6528K, used 6527K [0x00000007e2c00000, 0x00000007e3310000, 0x00000007e9d50000)
  eden space 5824K, 100% used [0x00000007e2c00000, 0x00000007e31b0000, 0x00000007e31b0000)
  from space 704K,  99% used [0x00000007e31b0000, 0x00000007e325fff8, 0x00000007e3260000)
  to   space 704K,   0% used [0x00000007e3260000, 0x00000007e3260000, 0x00000007e3310000)
 tenured generation   total 14528K, used 4395K [0x00000007e9d50000, 0x00000007eab80000, 0x00000007f8000000)
   the space 14528K,  30% used [0x00000007e9d50000, 0x00000007ea19ae90, 0x00000007ea19b000, 0x00000007eab80000)
 compacting perm gen  total 21248K, used 8749K [0x00000007f8000000, 0x00000007f94c0000, 0x0000000800000000)
   the space 21248K,  41% used [0x00000007f8000000, 0x00000007f888b538, 0x00000007f888b600, 0x00000007f94c0000)
No shared spaces configured.
Event: 2.229 GC heap after
Heap after GC invocations=5 (full 0):
 def new generation   total 6528K, used 703K [0x00000007e2c00000, 0x00000007e3310000, 0x00000007e9d50000)
  eden space 5824K,   0% used [0x00000007e2c00000, 0x00000007e2c00000, 0x00000007e31b0000)
  from space 704K,  99% used [0x00000007e3260000, 0x00000007e330fff8, 0x00000007e3310000)
  to   space 704K,   0% used [0x00000007e31b0000, 0x00000007e31b0000, 0x00000007e3260000)
 tenured generation   total 14528K, used 5871K [0x00000007e9d50000, 0x00000007eab80000, 0x00000007f8000000)
   the space 14528K,  40% used [0x00000007e9d50000, 0x00000007ea30bc10, 0x00000007ea30be00, 0x00000007eab80000)
 compacting perm gen  total 21248K, used 8749K [0x00000007f8000000, 0x00000007f94c0000, 0x0000000800000000)
   the space 21248K,  41% used [0x00000007f8000000, 0x00000007f888b538, 0x00000007f888b600, 0x00000007f94c0000)
No shared spaces configured.
}
Event: 2.504 GC heap before
{Heap before GC invocations=5 (full 0):
 def new generation   total 6528K, used 6527K [0x00000007e2c00000, 0x00000007e3310000, 0x00000007e9d50000)
  eden space 5824K, 100% used [0x00000007e2c00000, 0x00000007e31b0000, 0x00000007e31b0000)
  from space 704K,  99% used [0x00000007e3260000, 0x00000007e330fff8, 0x00000007e3310000)
  to   space 704K,   0% used [0x00000007e31b0000, 0x00000007e31b0000, 0x00000007e3260000)
 tenured generation   total 14528K, used 5871K [0x00000007e9d50000, 0x00000007eab80000, 0x00000007f8000000)
   the space 14528K,  40% used [0x00000007e9d50000, 0x00000007ea30bc10, 0x00000007ea30be00, 0x00000007eab80000)
 compacting perm gen  total 21248K, used 8807K [0x00000007f8000000, 0x00000007f94c0000, 0x0000000800000000)
   the space 21248K,  41% used [0x00000007f8000000, 0x00000007f8899f20, 0x00000007f889a000, 0x00000007f94c0000)
No shared spaces configured.
Event: 2.509 GC heap after
Heap after GC invocations=6 (full 0):
 def new generation   total 6528K, used 703K [0x00000007e2c00000, 0x00000007e3310000, 0x00000007e9d50000)
  eden space 5824K,   0% used [0x00000007e2c00000, 0x00000007e2c00000, 0x00000007e31b0000)
  from space 704K,  99% used [0x00000007e31b0000, 0x00000007e325fff8, 0x00000007e3260000)
  to   space 704K,   0% used [0x00000007e3260000, 0x00000007e3260000, 0x00000007e3310000)
 tenured generation   total 14528K, used 7151K [0x00000007e9d50000, 0x00000007eab80000, 0x00000007f8000000)
   the space 14528K,  49% used [0x00000007e9d50000, 0x00000007ea44bc80, 0x00000007ea44be00, 0x00000007eab80000)
 compacting perm gen  total 21248K, used 8807K [0x00000007f8000000, 0x00000007f94c0000, 0x0000000800000000)
   the space 21248K,  41% used [0x00000007f8000000, 0x00000007f8899f20, 0x00000007f889a000, 0x00000007f94c0000)
No shared spaces configured.
}
Event: 2.887 GC heap before
{Heap before GC invocations=6 (full 0):
 def new generation   total 6528K, used 6527K [0x00000007e2c00000, 0x00000007e3310000, 0x00000007e9d50000)
  eden space 5824K, 100% used [0x00000007e2c00000, 0x00000007e31b0000, 0x00000007e31b0000)
  from space 704K,  99% used [0x00000007e31b0000, 0x00000007e325fff8, 0x00000007e3260000)
  to   space 704K,   0% used [0x00000007e3260000, 0x00000007e3260000, 0x00000007e3310000)
 tenured generation   total 14528K, used 7151K [0x00000007e9d50000, 0x00000007eab80000, 0x00000007f8000000)
   the space 14528K,  49% used [0x00000007e9d50000, 0x00000007ea44bc80, 0x00000007ea44be00, 0x00000007eab80000)
 compacting perm gen  total 21248K, used 9904K [0x00000007f8000000, 0x00000007f94c0000, 0x0000000800000000)
   the space 21248K,  46% used [0x00000007f8000000, 0x00000007f89ac2d0, 0x00000007f89ac400, 0x00000007f94c0000)
No shared spaces configured.
Event: 2.896 GC heap after
Heap after GC invocations=7 (full 0):
 def new generation   total 6528K, used 703K [0x00000007e2c00000, 0x00000007e3310000, 0x00000007e9d50000)
  eden space 5824K,   0% used [0x00000007e2c00000, 0x00000007e2c00000, 0x00000007e31b0000)
  from space 704K,  99% used [0x00000007e3260000, 0x00000007e330fff8, 0x00000007e3310000)
  to   space 704K,   0% used [0x00000007e31b0000, 0x00000007e31b0000, 0x00000007e3260000)
 tenured generation   total 14528K, used 8205K [0x00000007e9d50000, 0x00000007eab80000, 0x00000007f8000000)
   the space 14528K,  56% used [0x00000007e9d50000, 0x00000007ea553408, 0x00000007ea553600, 0x00000007eab80000)
 compacting perm gen  total 21248K, used 9904K [0x00000007f8000000, 0x00000007f94c0000, 0x0000000800000000)
   the space 21248K,  46% used [0x00000007f8000000, 0x00000007f89ac2d0, 0x00000007f89ac400, 0x00000007f94c0000)
No shared spaces configured.
}
Event: 3.352 GC heap before
{Heap before GC invocations=7 (full 0):
 def new generation   total 6528K, used 6527K [0x00000007e2c00000, 0x00000007e3310000, 0x00000007e9d50000)
  eden space 5824K, 100% used [0x00000007e2c00000, 0x00000007e31b0000, 0x00000007e31b0000)
  from space 704K,  99% used [0x00000007e3260000, 0x00000007e330fff8, 0x00000007e3310000)
  to   space 704K,   0% used [0x00000007e31b0000, 0x00000007e31b0000, 0x00000007e3260000)
 tenured generation   total 14528K, used 8205K [0x00000007e9d50000, 0x00000007eab80000, 0x00000007f8000000)
   the space 14528K,  56% used [0x00000007e9d50000, 0x00000007ea553408, 0x00000007ea553600, 0x00000007eab80000)
 compacting perm gen  total 21248K, used 9972K [0x00000007f8000000, 0x00000007f94c0000, 0x0000000800000000)
   the space 21248K,  46% used [0x00000007f8000000, 0x00000007f89bd018, 0x00000007f89bd200, 0x00000007f94c0000)
No shared spaces configured.
Event: 3.356 GC heap after
Heap after GC invocations=8 (full 0):
 def new generation   total 6528K, used 278K [0x00000007e2c00000, 0x00000007e3310000, 0x00000007e9d50000)
  eden space 5824K,   0% used [0x00000007e2c00000, 0x00000007e2c00000, 0x00000007e31b0000)
  from space 704K,  39% used [0x00000007e31b0000, 0x00000007e31f5838, 0x00000007e3260000)
  to   space 704K,   0% used [0x00000007e3260000, 0x00000007e3260000, 0x00000007e3310000)
 tenured generation   total 14528K, used 8551K [0x00000007e9d50000, 0x00000007eab80000, 0x00000007f8000000)
   the space 14528K,  58% used [0x00000007e9d50000, 0x00000007ea5a9d48, 0x00000007ea5a9e00, 0x00000007eab80000)
 compacting perm gen  total 21248K, used 9972K [0x00000007f8000000, 0x00000007f94c0000, 0x0000000800000000)
   the space 21248K,  46% used [0x00000007f8000000, 0x00000007f89bd018, 0x00000007f89bd200, 0x00000007f94c0000)
No shared spaces configured.
}

