# JRE version: 7.0_17-b02
# Java VM: Java HotSpot(TM) 64-Bit Server VM (23.7-b01 mixed mode bsd-amd64 compressed oops)
Heap
 def new generation   total 6144K, used 5556K [0x00000007e4000000, 0x00000007e46a0000, 0x00000007eaaa0000)
  eden space 5504K,  91% used [0x00000007e4000000, 0x00000007e44e7800, 0x00000007e4560000)
  from space 640K,  83% used [0x00000007e4600000, 0x00000007e4685810, 0x00000007e46a0000)
  to   space 640K,   0% used [0x00000007e4560000, 0x00000007e4560000, 0x00000007e4600000)
 tenured generation   total 13632K, used 8813K [0x00000007eaaa0000, 0x00000007eb7f0000, 0x00000007f8000000)
   the space 13632K,  64% used [0x00000007eaaa0000, 0x00000007eb33b588, 0x00000007eb33b600, 0x00000007eb7f0000)
 compacting perm gen  total 21248K, used 12166K [0x00000007f8000000, 0x00000007f94c0000, 0x0000000800000000)
   the space 21248K,  57% used [0x00000007f8000000, 0x00000007f8be1b30, 0x00000007f8be1c00, 0x00000007f94c0000)
GC Heap History (10 events):
Event: 2.494 GC heap before
{Heap before GC invocations=6 (full 0):
 def new generation   total 6144K, used 4499K [0x00000007e4000000, 0x00000007e46a0000, 0x00000007eaaa0000)
  eden space 5504K,  70% used [0x00000007e4000000, 0x00000007e43c4e30, 0x00000007e4560000)
  from space 640K, 100% used [0x00000007e4560000, 0x00000007e4600000, 0x00000007e4600000)
  to   space 640K,   0% used [0x00000007e4600000, 0x00000007e4600000, 0x00000007e46a0000)
 tenured generation   total 13632K, used 6712K [0x00000007eaaa0000, 0x00000007eb7f0000, 0x00000007f8000000)
   the space 13632K,  49% used [0x00000007eaaa0000, 0x00000007eb12e3d8, 0x00000007eb12e400, 0x00000007eb7f0000)
 compacting perm gen  total 21248K, used 8759K [0x00000007f8000000, 0x00000007f94c0000, 0x0000000800000000)
   the space 21248K,  41% used [0x00000007f8000000, 0x00000007f888dcb8, 0x00000007f888de00, 0x00000007f94c0000)
No shared spaces configured.
Event: 2.499 GC heap after
Heap after GC invocations=7 (full 0):
 def new generation   total 6144K, used 640K [0x00000007e4000000, 0x00000007e46a0000, 0x00000007eaaa0000)
  eden space 5504K,   0% used [0x00000007e4000000, 0x00000007e4000000, 0x00000007e4560000)
  from space 640K, 100% used [0x00000007e4600000, 0x00000007e46a0000, 0x00000007e46a0000)
  to   space 640K,   0% used [0x00000007e4560000, 0x00000007e4560000, 0x00000007e4600000)
 tenured generation   total 13632K, used 7503K [0x00000007eaaa0000, 0x00000007eb7f0000, 0x00000007f8000000)
   the space 13632K,  55% used [0x00000007eaaa0000, 0x00000007eb1f3e88, 0x00000007eb1f4000, 0x00000007eb7f0000)
 compacting perm gen  total 21248K, used 8759K [0x00000007f8000000, 0x00000007f94c0000, 0x0000000800000000)
   the space 21248K,  41% used [0x00000007f8000000, 0x00000007f888dcb8, 0x00000007f888de00, 0x00000007f94c0000)
No shared spaces configured.
}
Event: 2.617 GC heap before
{Heap before GC invocations=7 (full 0):
 def new generation   total 6144K, used 6144K [0x00000007e4000000, 0x00000007e46a0000, 0x00000007eaaa0000)
  eden space 5504K, 100% used [0x00000007e4000000, 0x00000007e4560000, 0x00000007e4560000)
  from space 640K, 100% used [0x00000007e4600000, 0x00000007e46a0000, 0x00000007e46a0000)
  to   space 640K,   0% used [0x00000007e4560000, 0x00000007e4560000, 0x00000007e4600000)
 tenured generation   total 13632K, used 7503K [0x00000007eaaa0000, 0x00000007eb7f0000, 0x00000007f8000000)
   the space 13632K,  55% used [0x00000007eaaa0000, 0x00000007eb1f3e88, 0x00000007eb1f4000, 0x00000007eb7f0000)
 compacting perm gen  total 21248K, used 8759K [0x00000007f8000000, 0x00000007f94c0000, 0x0000000800000000)
   the space 21248K,  41% used [0x00000007f8000000, 0x00000007f888dfd8, 0x00000007f888e000, 0x00000007f94c0000)
No shared spaces configured.
Event: 2.619 GC heap after
Heap after GC invocations=8 (full 0):
 def new generation   total 6144K, used 82K [0x00000007e4000000, 0x00000007e46a0000, 0x00000007eaaa0000)
  eden space 5504K,   0% used [0x00000007e4000000, 0x00000007e4000000, 0x00000007e4560000)
  from space 640K,  12% used [0x00000007e4560000, 0x00000007e4574af8, 0x00000007e4600000)
  to   space 640K,   0% used [0x00000007e4600000, 0x00000007e4600000, 0x00000007e46a0000)
 tenured generation   total 13632K, used 7999K [0x00000007eaaa0000, 0x00000007eb7f0000, 0x00000007f8000000)
   the space 13632K,  58% used [0x00000007eaaa0000, 0x00000007eb26ffa8, 0x00000007eb270000, 0x00000007eb7f0000)
 compacting perm gen  total 21248K, used 8759K [0x00000007f8000000, 0x00000007f94c0000, 0x0000000800000000)
   the space 21248K,  41% used [0x00000007f8000000, 0x00000007f888dfd8, 0x00000007f888e000, 0x00000007f94c0000)
No shared spaces configured.
}
Event: 2.804 GC heap before
{Heap before GC invocations=8 (full 0):
 def new generation   total 6144K, used 5586K [0x00000007e4000000, 0x00000007e46a0000, 0x00000007eaaa0000)
  eden space 5504K, 100% used [0x00000007e4000000, 0x00000007e4560000, 0x00000007e4560000)
  from space 640K,  12% used [0x00000007e4560000, 0x00000007e4574af8, 0x00000007e4600000)
  to   space 640K,   0% used [0x00000007e4600000, 0x00000007e4600000, 0x00000007e46a0000)
 tenured generation   total 13632K, used 7999K [0x00000007eaaa0000, 0x00000007eb7f0000, 0x00000007f8000000)
   the space 13632K,  58% used [0x00000007eaaa0000, 0x00000007eb26ffa8, 0x00000007eb270000, 0x00000007eb7f0000)
 compacting perm gen  total 21248K, used 9273K [0x00000007f8000000, 0x00000007f94c0000, 0x0000000800000000)
   the space 21248K,  43% used [0x00000007f8000000, 0x00000007f890e490, 0x00000007f890e600, 0x00000007f94c0000)
No shared spaces configured.
Event: 2.808 GC heap after
Heap after GC invocations=9 (full 0):
 def new generation   total 6144K, used 640K [0x00000007e4000000, 0x00000007e46a0000, 0x00000007eaaa0000)
  eden space 5504K,   0% used [0x00000007e4000000, 0x00000007e4000000, 0x00000007e4560000)
  from space 640K, 100% used [0x00000007e4600000, 0x00000007e46a0000, 0x00000007e46a0000)
  to   space 640K,   0% used [0x00000007e4560000, 0x00000007e4560000, 0x00000007e4600000)
 tenured generation   total 13632K, used 8388K [0x00000007eaaa0000, 0x00000007eb7f0000, 0x00000007f8000000)
   the space 13632K,  61% used [0x00000007eaaa0000, 0x00000007eb2d11d8, 0x00000007eb2d1200, 0x00000007eb7f0000)
 compacting perm gen  total 21248K, used 9273K [0x00000007f8000000, 0x00000007f94c0000, 0x0000000800000000)
   the space 21248K,  43% used [0x00000007f8000000, 0x00000007f890e490, 0x00000007f890e600, 0x00000007f94c0000)
No shared spaces configured.
}
Event: 3.258 GC heap before
{Heap before GC invocations=9 (full 0):
 def new generation   total 6144K, used 6144K [0x00000007e4000000, 0x00000007e46a0000, 0x00000007eaaa0000)
  eden space 5504K, 100% used [0x00000007e4000000, 0x00000007e4560000, 0x00000007e4560000)
  from space 640K, 100% used [0x00000007e4600000, 0x00000007e46a0000, 0x00000007e46a0000)
  to   space 640K,   0% used [0x00000007e4560000, 0x00000007e4560000, 0x00000007e4600000)
 tenured generation   total 13632K, used 8388K [0x00000007eaaa0000, 0x00000007eb7f0000, 0x00000007f8000000)
   the space 13632K,  61% used [0x00000007eaaa0000, 0x00000007eb2d11d8, 0x00000007eb2d1200, 0x00000007eb7f0000)
 compacting perm gen  total 21248K, used 9942K [0x00000007f8000000, 0x00000007f94c0000, 0x0000000800000000)
   the space 21248K,  46% used [0x00000007f8000000, 0x00000007f89b5900, 0x00000007f89b5a00, 0x00000007f94c0000)
No shared spaces configured.
Event: 3.263 GC heap after
Heap after GC invocations=10 (full 0):
 def new generation   total 6144K, used 612K [0x00000007e4000000, 0x00000007e46a0000, 0x00000007eaaa0000)
  eden space 5504K,   0% used [0x00000007e4000000, 0x00000007e4000000, 0x00000007e4560000)
  from space 640K,  95% used [0x00000007e4560000, 0x00000007e45f9388, 0x00000007e4600000)
  to   space 640K,   0% used [0x00000007e4600000, 0x00000007e4600000, 0x00000007e46a0000)
 tenured generation   total 13632K, used 8668K [0x00000007eaaa0000, 0x00000007eb7f0000, 0x00000007f8000000)
   the space 13632K,  63% used [0x00000007eaaa0000, 0x00000007eb3173d8, 0x00000007eb317400, 0x00000007eb7f0000)
 compacting perm gen  total 21248K, used 9942K [0x00000007f8000000, 0x00000007f94c0000, 0x0000000800000000)
   the space 21248K,  46% used [0x00000007f8000000, 0x00000007f89b5900, 0x00000007f89b5a00, 0x00000007f94c0000)
No shared spaces configured.
}
Event: 5.044 GC heap before
{Heap before GC invocations=10 (full 0):
 def new generation   total 6144K, used 6106K [0x00000007e4000000, 0x00000007e46a0000, 0x00000007eaaa0000)
  eden space 5504K,  99% used [0x00000007e4000000, 0x00000007e455d800, 0x00000007e4560000)
  from space 640K,  95% used [0x00000007e4560000, 0x00000007e45f9388, 0x00000007e4600000)
  to   space 640K,   0% used [0x00000007e4600000, 0x00000007e4600000, 0x00000007e46a0000)
 tenured generation   total 13632K, used 8668K [0x00000007eaaa0000, 0x00000007eb7f0000, 0x00000007f8000000)
   the space 13632K,  63% used [0x00000007eaaa0000, 0x00000007eb3173d8, 0x00000007eb317400, 0x00000007eb7f0000)
 compacting perm gen  total 21248K, used 10821K [0x00000007f8000000, 0x00000007f94c0000, 0x0000000800000000)
   the space 21248K,  50% used [0x00000007f8000000, 0x00000007f8a91538, 0x00000007f8a91600, 0x00000007f94c0000)
No shared spaces configured.
Event: 5.048 GC heap after
Heap after GC invocations=11 (full 0):
 def new generation   total 6144K, used 534K [0x00000007e4000000, 0x00000007e46a0000, 0x00000007eaaa0000)
  eden space 5504K,   0% used [0x00000007e4000000, 0x00000007e4000000, 0x00000007e4560000)
  from space 640K,  83% used [0x00000007e4600000, 0x00000007e4685810, 0x00000007e46a0000)
  to   space 640K,   0% used [0x00000007e4560000, 0x00000007e4560000, 0x00000007e4600000)
 tenured generation   total 13632K, used 8813K [0x00000007eaaa0000, 0x00000007eb7f0000, 0x00000007f8000000)
   the space 13632K,  64% used [0x00000007eaaa0000, 0x00000007eb33b588, 0x00000007eb33b600, 0x00000007eb7f0000)
 compacting perm gen  total 21248K, used 10821K [0x00000007f8000000, 0x00000007f94c0000, 0x0000000800000000)
   the space 21248K,  50% used [0x00000007f8000000, 0x00000007f8a91538, 0x00000007f8a91600, 0x00000007f94c0000)
No shared spaces configured.
}

